<?xml version="1.0" encoding="UTF-8"?>
<robot generator="Robot 6.0 (Python 3.10.2 on win32)" generated="20230121 14:22:04.847" rpa="false" schemaversion="3">
<suite id="s1" name="Demo1 App Launch" source="C:\Mine\Company\LT7\robot_project\appium_suite\demo1_app_launch.robot">
<test id="s1-t1" name="TC3" line="34">
<kw name="Open Application" library="AppiumLibrary">
<arg>remote_url=http://localhost:4723/wd/hub</arg>
<arg>platformName=android</arg>
<arg>deviceName=oneplus</arg>
<arg>app=C:${/}Components${/}khan-academy-7-3-2.apk</arg>
<doc>Opens a new application to given Appium server.
Capabilities of appium server, Android and iOS,
Please check https://github.com/appium/appium/blob/master/docs/en/writing-running-appium/server-args.md
| *Option*            | *Man.* | *Description*     |
| remote_url          | Yes    | Appium server url |
| alias               | no     | alias             |
| strict_ssl          | No     | allows you to send commands to an invalid certificate host like a self-signed one. |</doc>
<status status="PASS" starttime="20230121 14:22:05.255" endtime="20230121 14:22:18.175"/>
</kw>
<kw name="Wait Until Page Contains Element" library="AppiumLibrary">
<arg>xpath=//android.widget.TextView[@text='Dismiss']</arg>
<arg>30s</arg>
<doc>Waits until element specified with `locator` appears on current page.</doc>
<msg timestamp="20230121 14:22:21.799" level="INFO">xpath criteria: //android.widget.TextView[@text='Dismiss']
xpath criteria: //android.widget.TextView[@text='Dismiss']</msg>
<status status="PASS" starttime="20230121 14:22:18.175" endtime="20230121 14:22:21.799"/>
</kw>
<kw name="Click Element" library="AppiumLibrary">
<arg>xpath=//android.widget.TextView[@text='Dismiss']</arg>
<doc>Click element identified by `locator`.</doc>
<msg timestamp="20230121 14:22:21.799" level="INFO">Clicking element 'xpath=//android.widget.TextView[@text='Dismiss']'.</msg>
<msg timestamp="20230121 14:22:21.910" level="INFO">xpath criteria: //android.widget.TextView[@text='Dismiss']</msg>
<status status="PASS" starttime="20230121 14:22:21.799" endtime="20230121 14:22:21.910"/>
</kw>
<kw name="Wait Until Page Contains Element" library="AppiumLibrary">
<arg>xpath=//android.widget.TextView[@text='Sign in']</arg>
<arg>30s</arg>
<doc>Waits until element specified with `locator` appears on current page.</doc>
<msg timestamp="20230121 14:22:23.129" level="INFO">xpath criteria: //android.widget.TextView[@text='Sign in']</msg>
<status status="PASS" starttime="20230121 14:22:21.910" endtime="20230121 14:22:23.129"/>
</kw>
<kw name="Click Element" library="AppiumLibrary">
<arg>xpath=//android.widget.TextView[@text='Sign in']</arg>
<doc>Click element identified by `locator`.</doc>
<msg timestamp="20230121 14:22:23.129" level="INFO">Clicking element 'xpath=//android.widget.TextView[@text='Sign in']'.</msg>
<msg timestamp="20230121 14:22:23.261" level="INFO">xpath criteria: //android.widget.TextView[@text='Sign in']</msg>
<status status="PASS" starttime="20230121 14:22:23.129" endtime="20230121 14:22:23.261"/>
</kw>
<kw name="Wait Until Page Contains Element" library="AppiumLibrary">
<arg>xpath=//android.widget.TextView[@text='Sign in']</arg>
<arg>30s</arg>
<doc>Waits until element specified with `locator` appears on current page.</doc>
<msg timestamp="20230121 14:22:24.511" level="INFO">xpath criteria: //android.widget.TextView[@text='Sign in']</msg>
<status status="PASS" starttime="20230121 14:22:23.261" endtime="20230121 14:22:24.511"/>
</kw>
<kw name="Click Element" library="AppiumLibrary">
<arg>xpath=//android.widget.TextView[@text='Sign in']</arg>
<doc>Click element identified by `locator`.</doc>
<msg timestamp="20230121 14:22:24.511" level="INFO">Clicking element 'xpath=//android.widget.TextView[@text='Sign in']'.</msg>
<msg timestamp="20230121 14:22:25.744" level="INFO">xpath criteria: //android.widget.TextView[@text='Sign in']</msg>
<status status="PASS" starttime="20230121 14:22:24.511" endtime="20230121 14:22:25.744"/>
</kw>
<kw name="Wait Until Page Contains Element" library="AppiumLibrary">
<arg>xpath=//*[contains(@text,'e-mail address')]</arg>
<arg>30s</arg>
<doc>Waits until element specified with `locator` appears on current page.</doc>
<msg timestamp="20230121 14:22:25.896" level="INFO">xpath criteria: //*[contains(@text,'e-mail address')]</msg>
<status status="PASS" starttime="20230121 14:22:25.744" endtime="20230121 14:22:25.896"/>
</kw>
<kw name="Input Password" library="AppiumLibrary">
<arg>xpath=//*[contains(@text,'e-mail address')]</arg>
<arg>bala@gmail.com</arg>
<doc>Types the given password into text field identified by `locator`.</doc>
<msg timestamp="20230121 14:22:25.912" level="INFO">Typing password into text field 'xpath=//*[contains(@text,'e-mail address')]'</msg>
<msg timestamp="20230121 14:22:26.598" level="INFO">xpath criteria: //*[contains(@text,'e-mail address')]</msg>
<status status="PASS" starttime="20230121 14:22:25.912" endtime="20230121 14:22:26.598"/>
</kw>
<kw name="Wait Until Page Contains Element" library="AppiumLibrary">
<arg>xpath=//*[@content-desc='Password']</arg>
<arg>30s</arg>
<doc>Waits until element specified with `locator` appears on current page.</doc>
<msg timestamp="20230121 14:22:27.214" level="INFO">xpath criteria: //*[@content-desc='Password']</msg>
<status status="PASS" starttime="20230121 14:22:26.598" endtime="20230121 14:22:27.214"/>
</kw>
<kw name="Input Password" library="AppiumLibrary">
<arg>xpath=//*[@content-desc='Password']</arg>
<arg>hello123</arg>
<doc>Types the given password into text field identified by `locator`.</doc>
<msg timestamp="20230121 14:22:27.230" level="INFO">Typing password into text field 'xpath=//*[@content-desc='Password']'</msg>
<msg timestamp="20230121 14:22:27.899" level="INFO">xpath criteria: //*[@content-desc='Password']</msg>
<status status="PASS" starttime="20230121 14:22:27.214" endtime="20230121 14:22:27.899"/>
</kw>
<kw name="Wait Until Page Contains Element" library="AppiumLibrary">
<arg>xpath=(//*[@text='Sign in'])[2]</arg>
<arg>30s</arg>
<doc>Waits until element specified with `locator` appears on current page.</doc>
<msg timestamp="20230121 14:22:28.527" level="INFO">xpath criteria: (//*[@text='Sign in'])[2]</msg>
<status status="PASS" starttime="20230121 14:22:27.899" endtime="20230121 14:22:28.527"/>
</kw>
<kw name="Sleep" library="BuiltIn">
<arg>5s</arg>
<doc>Pauses the test executed for the given time.</doc>
<msg timestamp="20230121 14:22:33.539" level="INFO">Slept 5 seconds</msg>
<status status="PASS" starttime="20230121 14:22:28.527" endtime="20230121 14:22:33.539"/>
</kw>
<kw name="Close Application" library="AppiumLibrary" type="TEARDOWN">
<doc>Closes the current application and also close webdriver session.</doc>
<status status="PASS" starttime="20230121 14:22:33.539" endtime="20230121 14:22:34.286"/>
</kw>
<doc>Working with native app</doc>
<status status="PASS" starttime="20230121 14:22:05.255" endtime="20230121 14:22:34.286"/>
</test>
<test id="s1-t2" name="TC3" line="62">
<kw name="Open Application" library="AppiumLibrary">
<arg>remote_url=http://localhost:4723/wd/hub</arg>
<arg>platformName=android</arg>
<arg>deviceName=oneplus</arg>
<arg>app=C:${/}Components${/}khan-academy-7-3-2.apk</arg>
<doc>Opens a new application to given Appium server.
Capabilities of appium server, Android and iOS,
Please check https://github.com/appium/appium/blob/master/docs/en/writing-running-appium/server-args.md
| *Option*            | *Man.* | *Description*     |
| remote_url          | Yes    | Appium server url |
| alias               | no     | alias             |
| strict_ssl          | No     | allows you to send commands to an invalid certificate host like a self-signed one. |</doc>
<status status="PASS" starttime="20230121 14:22:34.290" endtime="20230121 14:22:47.389"/>
</kw>
<kw name="Set Appium Timeout" library="AppiumLibrary">
<arg>30s</arg>
<doc>Sets the timeout in seconds used by various keywords.</doc>
<status status="PASS" starttime="20230121 14:22:47.389" endtime="20230121 14:22:47.389"/>
</kw>
<kw name="Wait Until Page Contains Element" library="AppiumLibrary">
<arg>xpath=//android.widget.TextView[@text='Dismiss']</arg>
<doc>Waits until element specified with `locator` appears on current page.</doc>
<msg timestamp="20230121 14:22:50.676" level="INFO">xpath criteria: //android.widget.TextView[@text='Dismiss']
xpath criteria: //android.widget.TextView[@text='Dismiss']</msg>
<status status="PASS" starttime="20230121 14:22:47.389" endtime="20230121 14:22:50.676"/>
</kw>
<kw name="Click Element" library="AppiumLibrary">
<arg>xpath=//android.widget.TextView[@text='Dismiss']</arg>
<doc>Click element identified by `locator`.</doc>
<msg timestamp="20230121 14:22:50.676" level="INFO">Clicking element 'xpath=//android.widget.TextView[@text='Dismiss']'.</msg>
<msg timestamp="20230121 14:22:50.766" level="INFO">xpath criteria: //android.widget.TextView[@text='Dismiss']</msg>
<status status="PASS" starttime="20230121 14:22:50.676" endtime="20230121 14:22:50.766"/>
</kw>
<kw name="Wait Until Page Contains Element" library="AppiumLibrary">
<arg>xpath=//android.widget.TextView[@text='Sign in']</arg>
<doc>Waits until element specified with `locator` appears on current page.</doc>
<msg timestamp="20230121 14:22:51.947" level="INFO">xpath criteria: //android.widget.TextView[@text='Sign in']</msg>
<status status="PASS" starttime="20230121 14:22:50.766" endtime="20230121 14:22:51.947"/>
</kw>
<kw name="Click Element" library="AppiumLibrary">
<arg>xpath=//android.widget.TextView[@text='Sign in']</arg>
<doc>Click element identified by `locator`.</doc>
<msg timestamp="20230121 14:22:51.947" level="INFO">Clicking element 'xpath=//android.widget.TextView[@text='Sign in']'.</msg>
<msg timestamp="20230121 14:22:52.113" level="INFO">xpath criteria: //android.widget.TextView[@text='Sign in']</msg>
<status status="PASS" starttime="20230121 14:22:51.947" endtime="20230121 14:22:52.113"/>
</kw>
<kw name="Wait Until Page Contains Element" library="AppiumLibrary">
<arg>xpath=//android.widget.TextView[@text='Sign in']</arg>
<doc>Waits until element specified with `locator` appears on current page.</doc>
<msg timestamp="20230121 14:22:52.815" level="INFO">xpath criteria: //android.widget.TextView[@text='Sign in']
xpath criteria: //android.widget.TextView[@text='Sign in']</msg>
<status status="PASS" starttime="20230121 14:22:52.113" endtime="20230121 14:22:52.815"/>
</kw>
<kw name="Click Element" library="AppiumLibrary">
<arg>xpath=//android.widget.TextView[@text='Sign in']</arg>
<doc>Click element identified by `locator`.</doc>
<msg timestamp="20230121 14:22:52.819" level="INFO">Clicking element 'xpath=//android.widget.TextView[@text='Sign in']'.</msg>
<msg timestamp="20230121 14:22:53.821" level="INFO">xpath criteria: //android.widget.TextView[@text='Sign in']</msg>
<status status="PASS" starttime="20230121 14:22:52.815" endtime="20230121 14:22:53.821"/>
</kw>
<kw name="Wait Until Page Contains Element" library="AppiumLibrary">
<arg>xpath=//*[contains(@text,'e-mail address')]</arg>
<doc>Waits until element specified with `locator` appears on current page.</doc>
<msg timestamp="20230121 14:22:53.961" level="INFO">xpath criteria: //*[contains(@text,'e-mail address')]</msg>
<status status="PASS" starttime="20230121 14:22:53.821" endtime="20230121 14:22:53.965"/>
</kw>
<kw name="Input Password" library="AppiumLibrary">
<arg>xpath=//*[contains(@text,'e-mail address')]</arg>
<arg>bala@gmail.com</arg>
<doc>Types the given password into text field identified by `locator`.</doc>
<msg timestamp="20230121 14:22:53.965" level="INFO">Typing password into text field 'xpath=//*[contains(@text,'e-mail address')]'</msg>
<msg timestamp="20230121 14:22:54.080" level="INFO">xpath criteria: //*[contains(@text,'e-mail address')]</msg>
<status status="PASS" starttime="20230121 14:22:53.965" endtime="20230121 14:22:54.080"/>
</kw>
<kw name="Wait Until Page Contains Element" library="AppiumLibrary">
<arg>xpath=//*[@content-desc='Password']</arg>
<doc>Waits until element specified with `locator` appears on current page.</doc>
<msg timestamp="20230121 14:22:54.728" level="INFO">xpath criteria: //*[@content-desc='Password']</msg>
<status status="PASS" starttime="20230121 14:22:54.080" endtime="20230121 14:22:54.728"/>
</kw>
<kw name="Input Password" library="AppiumLibrary">
<arg>xpath=//*[@content-desc='Password']</arg>
<arg>hello123</arg>
<doc>Types the given password into text field identified by `locator`.</doc>
<msg timestamp="20230121 14:22:54.732" level="INFO">Typing password into text field 'xpath=//*[@content-desc='Password']'</msg>
<msg timestamp="20230121 14:22:55.389" level="INFO">xpath criteria: //*[@content-desc='Password']</msg>
<status status="PASS" starttime="20230121 14:22:54.728" endtime="20230121 14:22:55.389"/>
</kw>
<kw name="Wait Until Page Contains Element" library="AppiumLibrary">
<arg>xpath=(//*[@text='Sign in'])[2]</arg>
<doc>Waits until element specified with `locator` appears on current page.</doc>
<msg timestamp="20230121 14:22:56.497" level="INFO">xpath criteria: (//*[@text='Sign in'])[2]</msg>
<status status="PASS" starttime="20230121 14:22:55.389" endtime="20230121 14:22:56.497"/>
</kw>
<kw name="Click Element" library="AppiumLibrary">
<arg>xpath=(//*[@text='Sign in'])[2]</arg>
<doc>Click element identified by `locator`.</doc>
<msg timestamp="20230121 14:22:56.497" level="INFO">Clicking element 'xpath=(//*[@text='Sign in'])[2]'.</msg>
<msg timestamp="20230121 14:22:56.699" level="INFO">xpath criteria: (//*[@text='Sign in'])[2]</msg>
<status status="PASS" starttime="20230121 14:22:56.497" endtime="20230121 14:22:56.699"/>
</kw>
<kw name="Wait Until Page Contains Element" library="AppiumLibrary">
<arg>xpath=//*[contains(@text,'issue')]</arg>
<doc>Waits until element specified with `locator` appears on current page.</doc>
<msg timestamp="20230121 14:22:57.995" level="INFO">xpath criteria: //*[contains(@text,'issue')]
xpath criteria: //*[contains(@text,'issue')]</msg>
<status status="PASS" starttime="20230121 14:22:56.703" endtime="20230121 14:22:57.995"/>
</kw>
<kw name="Element Text Should Be" library="AppiumLibrary">
<arg>xpath=//*[contains(@text,'issue')]</arg>
<arg>There was an issue signing in</arg>
<doc>Verifies element identified by ``locator`` exactly contains text ``expected``.</doc>
<msg timestamp="20230121 14:22:58.010" level="INFO">Verifying element 'xpath=//*[contains(@text,'issue')]' contains exactly text 'There was an issue signing in'.</msg>
<msg timestamp="20230121 14:22:58.142" level="INFO">xpath criteria: //*[contains(@text,'issue')]</msg>
<status status="PASS" starttime="20230121 14:22:58.010" endtime="20230121 14:22:58.142"/>
</kw>
<kw name="Sleep" library="BuiltIn">
<arg>5s</arg>
<doc>Pauses the test executed for the given time.</doc>
<msg timestamp="20230121 14:23:03.156" level="INFO">Slept 5 seconds</msg>
<status status="PASS" starttime="20230121 14:22:58.142" endtime="20230121 14:23:03.156"/>
</kw>
<kw name="Close Application" library="AppiumLibrary" type="TEARDOWN">
<doc>Closes the current application and also close webdriver session.</doc>
<status status="PASS" starttime="20230121 14:23:03.156" endtime="20230121 14:23:03.872"/>
</kw>
<doc>Working with native app</doc>
<status status="PASS" starttime="20230121 14:22:34.290" endtime="20230121 14:23:03.872"/>
</test>
<status status="PASS" starttime="20230121 14:22:04.855" endtime="20230121 14:23:03.872"/>
</suite>
<statistics>
<total>
<stat pass="2" fail="0" skip="0">All Tests</stat>
</total>
<tag>
</tag>
<suite>
<stat pass="2" fail="0" skip="0" id="s1" name="Demo1 App Launch">Demo1 App Launch</stat>
</suite>
</statistics>
<errors>
<msg timestamp="20230121 14:22:34.290" level="WARN">Multiple tests with name 'TC3' executed in suite 'Demo1 App Launch'.</msg>
</errors>
</robot>
