<?xml version="1.0" encoding="UTF-8"?>
<robot generator="Robot 6.0 (Python 3.10.2 on win32)" generated="20230119 14:13:25.392" rpa="false" schemaversion="3">
<suite id="s1" name="Demo3" source="C:\Mine\Company\LT7\robot_project\robot_suite\demo3.robot">
<test id="s1-t1" name="TC10" line="15">
<kw name="Create Dictionary" library="BuiltIn">
<var>&amp;{emp_dic}</var>
<arg>emp_id=101</arg>
<arg>emp_name=jack</arg>
<arg>role=qa</arg>
<doc>Creates and returns a dictionary based on the given ``items``.</doc>
<msg timestamp="20230119 14:13:25.439" level="INFO">&amp;{emp_dic} = { emp_id=101 | emp_name=jack | role=qa }</msg>
<status status="PASS" starttime="20230119 14:13:25.439" endtime="20230119 14:13:25.439"/>
</kw>
<kw name="Log To Console" library="BuiltIn">
<arg>${emp_dic}[emp_id]</arg>
<doc>Logs the given message to the console.</doc>
<status status="PASS" starttime="20230119 14:13:25.439" endtime="20230119 14:13:25.439"/>
</kw>
<status status="PASS" starttime="20230119 14:13:25.439" endtime="20230119 14:13:25.439"/>
</test>
<status status="PASS" starttime="20230119 14:13:25.392" endtime="20230119 14:13:25.439"/>
</suite>
<statistics>
<total>
<stat pass="1" fail="0" skip="0">All Tests</stat>
</total>
<tag>
</tag>
<suite>
<stat pass="1" fail="0" skip="0" id="s1" name="Demo3">Demo3</stat>
</suite>
</statistics>
<errors>
</errors>
</robot>
