<?xml version="1.0" encoding="UTF-8"?>
<robot generator="Robot 4.1.3 (Python 3.10.2 on darwin)" generated="20230124 14:49:13.562" rpa="false" schemaversion="2">
<suite id="s1" name="Demo6 Ios Real" source="/Users/balaji/Documents/Company/PythonWorkspace/robot_project_lt7/appium_suite/demo6_ios_real.robot">
<test id="s1-t1" name="TC1">
<kw name="Open Application" library="AppiumLibrary">
<arg>remote_url=http://localhost:4723/wd/hub</arg>
<arg>platformName=ios</arg>
<arg>deviceName=iPhone 11</arg>
<arg>app=/Users/balaji/Documents/Company/ios app/iOS.Simulator.SauceLabs.Mobile.Sample.app.2.7.1.app</arg>
<arg>platformVersion=15.5</arg>
<doc>Opens a new application to given Appium server.
Capabilities of appium server, Android and iOS,
Please check https://github.com/appium/appium/blob/master/docs/en/writing-running-appium/server-args.md
| *Option*            | *Man.* | *Description*     |
| remote_url          | Yes    | Appium server url |
| alias               | no     | alias             |
| strict_ssl          | No     | allows you to send commands to an invalid certificate host like a self-signed one. |</doc>
<status status="PASS" starttime="20230124 14:49:13.746" endtime="20230124 14:49:20.199"/>
</kw>
<kw name="Set Appium Timeout" library="AppiumLibrary">
<arg>20s</arg>
<doc>Sets the timeout in seconds used by various keywords.</doc>
<status status="PASS" starttime="20230124 14:49:20.199" endtime="20230124 14:49:20.200"/>
</kw>
<kw name="Wait Until Page Contains Element" library="AppiumLibrary">
<arg>xpath=//XCUIElementTypeTextField[@name='test-Username']</arg>
<doc>Waits until element specified with `locator` appears on current page.</doc>
<msg timestamp="20230124 14:49:20.793" level="INFO">xpath criteria: //XCUIElementTypeTextField[@name='test-Username']</msg>
<status status="PASS" starttime="20230124 14:49:20.200" endtime="20230124 14:49:20.795"/>
</kw>
<kw name="Input Text" library="AppiumLibrary">
<arg>xpath=//XCUIElementTypeTextField[@name='test-Username']</arg>
<arg>standard_user</arg>
<doc>Types the given `text` into text field identified by `locator`.</doc>
<msg timestamp="20230124 14:49:20.797" level="INFO">Typing text 'standard_user' into text field 'xpath=//XCUIElementTypeTextField[@name='test-Username']'</msg>
<msg timestamp="20230124 14:49:22.246" level="INFO">xpath criteria: //XCUIElementTypeTextField[@name='test-Username']</msg>
<status status="PASS" starttime="20230124 14:49:20.795" endtime="20230124 14:49:22.246"/>
</kw>
<kw name="Wait Until Page Contains Element" library="AppiumLibrary">
<arg>xpath=//*[@name='test-Password']</arg>
<doc>Waits until element specified with `locator` appears on current page.</doc>
<msg timestamp="20230124 14:49:23.234" level="INFO">xpath criteria: //*[@name='test-Password']</msg>
<status status="PASS" starttime="20230124 14:49:22.247" endtime="20230124 14:49:23.235"/>
</kw>
<kw name="Input Text" library="AppiumLibrary">
<arg>xpath=//*[@name='test-Password']</arg>
<arg>secret_sauce</arg>
<doc>Types the given `text` into text field identified by `locator`.</doc>
<msg timestamp="20230124 14:49:23.237" level="INFO">Typing text 'secret_sauce' into text field 'xpath=//*[@name='test-Password']'</msg>
<msg timestamp="20230124 14:49:27.408" level="INFO">xpath criteria: //*[@name='test-Password']</msg>
<status status="PASS" starttime="20230124 14:49:23.235" endtime="20230124 14:49:27.408"/>
</kw>
<kw name="Click Element" library="AppiumLibrary">
<arg>xpath=//*[@name='test-LOGIN']</arg>
<doc>Click element identified by `locator`.</doc>
<msg timestamp="20230124 14:49:27.410" level="INFO">Clicking element 'xpath=//*[@name='test-LOGIN']'.</msg>
<msg timestamp="20230124 14:49:28.460" level="INFO">xpath criteria: //*[@name='test-LOGIN']</msg>
<status status="PASS" starttime="20230124 14:49:27.409" endtime="20230124 14:49:28.461"/>
</kw>
<kw name="Wait Until Page Contains Element" library="AppiumLibrary">
<arg>xpath=//*[@name='test-ADD TO CART']</arg>
<doc>Waits until element specified with `locator` appears on current page.</doc>
<msg timestamp="20230124 14:49:31.642" level="INFO">xpath criteria: //*[@name='test-ADD TO CART']
xpath criteria: //*[@name='test-ADD TO CART']</msg>
<status status="PASS" starttime="20230124 14:49:28.461" endtime="20230124 14:49:31.642"/>
</kw>
<kw name="Click Element" library="AppiumLibrary">
<arg>xpath=//*[@name='test-ADD TO CART']</arg>
<doc>Click element identified by `locator`.</doc>
<msg timestamp="20230124 14:49:31.644" level="INFO">Clicking element 'xpath=//*[@name='test-ADD TO CART']'.</msg>
<msg timestamp="20230124 14:49:33.971" level="INFO">xpath criteria: //*[@name='test-ADD TO CART']</msg>
<status status="PASS" starttime="20230124 14:49:31.643" endtime="20230124 14:49:33.972"/>
</kw>
<kw name="Wait Until Page Contains Element" library="AppiumLibrary">
<arg>xpath=//*[@name='test-ADD TO CART']</arg>
<doc>Waits until element specified with `locator` appears on current page.</doc>
<msg timestamp="20230124 14:49:35.343" level="INFO">xpath criteria: //*[@name='test-ADD TO CART']</msg>
<status status="PASS" starttime="20230124 14:49:33.972" endtime="20230124 14:49:35.343"/>
</kw>
<kw name="Click Element" library="AppiumLibrary">
<arg>xpath=//*[@name='test-ADD TO CART']</arg>
<doc>Click element identified by `locator`.</doc>
<msg timestamp="20230124 14:49:35.345" level="INFO">Clicking element 'xpath=//*[@name='test-ADD TO CART']'.</msg>
<msg timestamp="20230124 14:49:37.002" level="INFO">xpath criteria: //*[@name='test-ADD TO CART']</msg>
<status status="PASS" starttime="20230124 14:49:35.343" endtime="20230124 14:49:37.002"/>
</kw>
<kw name="Wait Until Page Contains Element" library="AppiumLibrary">
<arg>xpath=//XCUIElementTypeOther[@name="test-Cart"]</arg>
<doc>Waits until element specified with `locator` appears on current page.</doc>
<msg timestamp="20230124 14:49:38.127" level="INFO">xpath criteria: //XCUIElementTypeOther[@name="test-Cart"]</msg>
<status status="PASS" starttime="20230124 14:49:37.003" endtime="20230124 14:49:38.127"/>
</kw>
<kw name="Click Element" library="AppiumLibrary">
<arg>xpath=//XCUIElementTypeOther[@name="test-Cart"]</arg>
<doc>Click element identified by `locator`.</doc>
<msg timestamp="20230124 14:49:38.129" level="INFO">Clicking element 'xpath=//XCUIElementTypeOther[@name="test-Cart"]'.</msg>
<msg timestamp="20230124 14:49:39.528" level="INFO">xpath criteria: //XCUIElementTypeOther[@name="test-Cart"]</msg>
<status status="PASS" starttime="20230124 14:49:38.128" endtime="20230124 14:49:39.529"/>
</kw>
<kw name="Sleep" library="BuiltIn">
<arg>5s</arg>
<doc>Pauses the test executed for the given time.</doc>
<msg timestamp="20230124 14:49:44.530" level="INFO">Slept 5 seconds</msg>
<status status="PASS" starttime="20230124 14:49:39.529" endtime="20230124 14:49:44.530"/>
</kw>
<kw name="Close Application" library="AppiumLibrary" type="TEARDOWN">
<doc>Closes the current application and also close webdriver session.</doc>
<status status="PASS" starttime="20230124 14:49:44.531" endtime="20230124 14:49:45.598"/>
</kw>
<status status="PASS" starttime="20230124 14:49:13.746" endtime="20230124 14:49:45.599"/>
</test>
<status status="PASS" starttime="20230124 14:49:13.564" endtime="20230124 14:49:45.600"/>
</suite>
<statistics>
<total>
<stat pass="1" fail="0" skip="0">All Tests</stat>
</total>
<tag>
</tag>
<suite>
<stat pass="1" fail="0" skip="0" id="s1" name="Demo6 Ios Real">Demo6 Ios Real</stat>
</suite>
</statistics>
<errors>
</errors>
</robot>
