<?xml version="1.0" encoding="UTF-8"?>
<robot generator="Robot 6.0 (Python 3.10.2 on win32)" generated="20230119 11:04:52.312" rpa="false" schemaversion="3">
<suite id="s1" name="Demo11 Advance" source="C:\Mine\Company\LT7\robot_project\selenium_suite\demo11_advance.robot">
<test id="s1-t1" name="TC7" line="73">
<kw name="Open Browser" library="SeleniumLibrary">
<arg>browser=chrome</arg>
<doc>Opens a new browser instance to the optional ``url``.</doc>
<msg timestamp="20230119 11:04:52.615" level="INFO">Opening browser 'chrome' to base url 'None'.</msg>
<status status="PASS" starttime="20230119 11:04:52.615" endtime="20230119 11:04:54.031"/>
</kw>
<kw name="Maximize Browser Window" library="SeleniumLibrary">
<doc>Maximizes current browser window.</doc>
<status status="PASS" starttime="20230119 11:04:54.031" endtime="20230119 11:04:54.187"/>
</kw>
<kw name="Set Selenium Implicit Wait" library="SeleniumLibrary">
<arg>30s</arg>
<doc>Sets the implicit wait value used by Selenium.</doc>
<status status="PASS" starttime="20230119 11:04:54.187" endtime="20230119 11:04:54.187"/>
</kw>
<kw name="Go To" library="SeleniumLibrary">
<arg>url=https://nasscom.in</arg>
<doc>Navigates the current browser window to the provided ``url``.</doc>
<msg timestamp="20230119 11:04:54.187" level="INFO">Opening url 'https://nasscom.in'</msg>
<status status="PASS" starttime="20230119 11:04:54.187" endtime="20230119 11:04:58.900"/>
</kw>
<kw name="Get WebElement" library="SeleniumLibrary">
<var>${ele}</var>
<arg>xpath=//a[text()='Members Listing']</arg>
<doc>Returns the first WebElement matching the given ``locator``.</doc>
<msg timestamp="20230119 11:04:58.948" level="INFO">${ele} = &lt;selenium.webdriver.remote.webelement.WebElement (session="3ac63b186a52599c70b02089a5c6428c", element="79f48a99-1114-4f85-bae6-0f7b2f01a6d2")&gt;</msg>
<status status="PASS" starttime="20230119 11:04:58.900" endtime="20230119 11:04:58.948"/>
</kw>
<kw name="Execute Javascript" library="SeleniumLibrary">
<arg>arguments[0].click()</arg>
<arg>ARGUMENTS</arg>
<arg>${ele}</arg>
<doc>Executes the given JavaScript code with possible arguments.</doc>
<msg timestamp="20230119 11:04:58.948" level="INFO">Executing JavaScript:
arguments[0].click()
By using argument:
'&lt;selenium.webdriver.remote.webelement.WebElement (session="3ac63b186a52599c70b02089a5c6428c", element="79f48a99-1114-4f85-bae6-0f7b2f01a6d2")&gt;'</msg>
<status status="PASS" starttime="20230119 11:04:58.948" endtime="20230119 11:05:01.189"/>
</kw>
<status status="PASS" starttime="20230119 11:04:52.615" endtime="20230119 11:05:01.189"/>
</test>
<status status="PASS" starttime="20230119 11:04:52.327" endtime="20230119 11:05:01.189"/>
</suite>
<statistics>
<total>
<stat pass="1" fail="0" skip="0">All Tests</stat>
</total>
<tag>
</tag>
<suite>
<stat pass="1" fail="0" skip="0" id="s1" name="Demo11 Advance">Demo11 Advance</stat>
</suite>
</statistics>
<errors>
</errors>
</robot>
