<?xml version="1.0" encoding="UTF-8"?>
<robot generator="Robot 6.0.2 (Python 3.10.2 on darwin)" generated="20230124 17:13:09.528" rpa="false" schemaversion="3">
<suite id="s1" name="Demo7 Ios" source="/Users/balaji/Documents/Company/PythonWorkspace/robot_project_lt7/appium_suite/demo7_ios.robot">
<test id="s1-t1" name="TC2 Scroll Using Keyword When Count More than one" line="47">
<kw name="Open Application" library="AppiumLibrary">
<arg>remote_url=http://localhost:4723/wd/hub</arg>
<arg>platformName=ios</arg>
<arg>deviceName=iPhone 11</arg>
<arg>bundleId=com.apple.Health</arg>
<arg>platformVersion=15.5</arg>
<doc>Opens a new application to given Appium server.
Capabilities of appium server, Android and iOS,
Please check https://github.com/appium/appium/blob/master/docs/en/writing-running-appium/server-args.md
| *Option*            | *Man.* | *Description*     |
| remote_url          | Yes    | Appium server url |
| alias               | no     | alias             |
| strict_ssl          | No     | allows you to send commands to an invalid certificate host like a self-signed one. |</doc>
<status status="PASS" starttime="20230124 17:13:09.703" endtime="20230124 17:14:03.574"/>
</kw>
<kw name="Set Appium Timeout" library="AppiumLibrary">
<arg>20s</arg>
<doc>Sets the timeout in seconds used by various keywords.</doc>
<status status="PASS" starttime="20230124 17:14:03.578" endtime="20230124 17:14:03.581"/>
</kw>
<kw name="Wait Until Page Contains Element" library="AppiumLibrary">
<arg>xpath=//*[@name='Edit']</arg>
<doc>Waits until element specified with `locator` appears on current page.</doc>
<msg timestamp="20230124 17:14:04.453" level="INFO">xpath criteria: //*[@name='Edit']</msg>
<msg timestamp="20230124 17:14:04.456" level="INFO">robot: 2023-01-24 17:14:03 UTC pid: 52815 - Write from robot to dap (_RobotTargetComm) - EXCEPTION - robocorp_ls_core.debug_adapter_core.debug_adapter_threads
Error writing message.

Traceback (most recent call last):
  File "/Users/balaji/Library/Application Support/JetBrains/PyCharmCE2021.3/plugins/robotframework-intellij/lib/robotframework_ls/vendored/robocorp_ls_core/debug_adapter_core/debug_adapter_threads.py", line 266, in writer_thread
    stream.flush()
  File "/Library/Frameworks/Python.framework/Versions/3.10/lib/python3.10/socket.py", line 723, in write
    return self._sock.send(b)
BrokenPipeError: [Errno 32] Broken pipe</msg>
<msg timestamp="20230124 17:14:04.456" level="FAIL">BrokenPipeError: [Errno 32] Broken pipe</msg>
<status status="FAIL" starttime="20230124 17:14:03.581" endtime="20230124 17:14:04.457"/>
</kw>
<kw name="Click Element" library="AppiumLibrary">
<arg>xpath=//*[@name='Edit']</arg>
<doc>Click element identified by `locator`.</doc>
<status status="NOT RUN" starttime="20230124 17:14:04.457" endtime="20230124 17:14:04.458"/>
</kw>
<kw name="Wait Until Page Contains Element" library="AppiumLibrary">
<arg>xpath=//*[@name='All']</arg>
<doc>Waits until element specified with `locator` appears on current page.</doc>
<status status="NOT RUN" starttime="20230124 17:14:04.458" endtime="20230124 17:14:04.458"/>
</kw>
<kw name="Click Element" library="AppiumLibrary">
<arg>xpath=//*[@name='All']</arg>
<doc>Click element identified by `locator`.</doc>
<status status="NOT RUN" starttime="20230124 17:14:04.458" endtime="20230124 17:14:04.459"/>
</kw>
<for flavor="IN RANGE">
<var>${i}</var>
<value>1</value>
<value>999</value>
<iter>
<var name="${i}"/>
<kw name="Run Keyword And Ignore Error" library="BuiltIn">
<var>@{output}</var>
<arg>Click Element</arg>
<arg>xpath=//*[@name='Selenium']</arg>
<doc>Runs the given keyword with the given arguments and ignores possible error.</doc>
<status status="NOT RUN" starttime="20230124 17:14:04.461" endtime="20230124 17:14:04.461"/>
</kw>
<kw name="Swipe By Percent" library="AppiumLibrary">
<arg>90</arg>
<arg>75</arg>
<arg>90</arg>
<arg>25</arg>
<doc>Swipe from one percent of the screen to another percent, for an optional duration.
Normal swipe fails to scale for different screen resolutions, this can be avoided using percent.</doc>
<status status="NOT RUN" starttime="20230124 17:14:04.462" endtime="20230124 17:14:04.462"/>
</kw>
<kw name="Exit For Loop If" library="BuiltIn">
<arg>'${output}[0]'=='PASS'</arg>
<doc>Stops executing the enclosing FOR loop if the ``condition`` is true.</doc>
<status status="NOT RUN" starttime="20230124 17:14:04.462" endtime="20230124 17:14:04.463"/>
</kw>
<status status="NOT RUN" starttime="20230124 17:14:04.460" endtime="20230124 17:14:04.463"/>
</iter>
<status status="NOT RUN" starttime="20230124 17:14:04.459" endtime="20230124 17:14:04.463"/>
</for>
<kw name="Sleep" library="BuiltIn">
<arg>2s</arg>
<doc>Pauses the test executed for the given time.</doc>
<status status="NOT RUN" starttime="20230124 17:14:04.463" endtime="20230124 17:14:04.463"/>
</kw>
<kw name="Close Application" library="AppiumLibrary" type="TEARDOWN">
<doc>Closes the current application and also close webdriver session.</doc>
<status status="PASS" starttime="20230124 17:14:04.464" endtime="20230124 17:14:05.550"/>
</kw>
<status status="FAIL" starttime="20230124 17:13:09.702" endtime="20230124 17:14:05.550">BrokenPipeError: [Errno 32] Broken pipe</status>
</test>
<doc>IOS APP</doc>
<status status="FAIL" starttime="20230124 17:13:09.529" endtime="20230124 17:14:05.552"/>
</suite>
<statistics>
<total>
<stat pass="0" fail="1" skip="0">All Tests</stat>
</total>
<tag>
</tag>
<suite>
<stat pass="0" fail="1" skip="0" id="s1" name="Demo7 Ios">Demo7 Ios</stat>
</suite>
</statistics>
<errors>
</errors>
</robot>
