<?xml version="1.0" encoding="UTF-8"?>
<robot generator="Robot 6.0 (Python 3.10.2 on win32)" generated="20230121 17:31:54.817" rpa="false" schemaversion="3">
<suite id="s1" name="Demo2 Android Native App" source="C:\Mine\Company\LT7\robot_project\appium_suite\demo2_android_native_app.robot">
<test id="s1-t1" name="TC1 Sign Up" line="4">
<kw name="Open Application" library="AppiumLibrary">
<arg>remote_url=http://localhost:4723/wd/hub</arg>
<arg>platformName=android</arg>
<arg>deviceName=oneplus</arg>
<arg>appPackage=org.khanacademy.android</arg>
<arg>appActivity=org.khanacademy.android.ui.library.MainActivity</arg>
<arg>noReset=true</arg>
<doc>Opens a new application to given Appium server.
Capabilities of appium server, Android and iOS,
Please check https://github.com/appium/appium/blob/master/docs/en/writing-running-appium/server-args.md
| *Option*            | *Man.* | *Description*     |
| remote_url          | Yes    | Appium server url |
| alias               | no     | alias             |
| strict_ssl          | No     | allows you to send commands to an invalid certificate host like a self-signed one. |</doc>
<status status="PASS" starttime="20230121 17:31:55.091" endtime="20230121 17:32:04.583"/>
</kw>
<kw name="Sleep" library="BuiltIn">
<arg>5s</arg>
<doc>Pauses the test executed for the given time.</doc>
<msg timestamp="20230121 17:32:09.598" level="INFO">Slept 5 seconds</msg>
<status status="PASS" starttime="20230121 17:32:04.584" endtime="20230121 17:32:09.606"/>
</kw>
<kw name="Close Application" library="AppiumLibrary" type="TEARDOWN">
<doc>Closes the current application and also close webdriver session.</doc>
<status status="PASS" starttime="20230121 17:32:09.608" endtime="20230121 17:32:10.200"/>
</kw>
<doc>Working with native app
for automating sign up activity</doc>
<status status="PASS" starttime="20230121 17:31:55.090" endtime="20230121 17:32:10.201"/>
</test>
<status status="PASS" starttime="20230121 17:31:54.817" endtime="20230121 17:32:10.201"/>
</suite>
<statistics>
<total>
<stat pass="1" fail="0" skip="0">All Tests</stat>
</total>
<tag>
</tag>
<suite>
<stat pass="1" fail="0" skip="0" id="s1" name="Demo2 Android Native App">Demo2 Android Native App</stat>
</suite>
</statistics>
<errors>
</errors>
</robot>
